<?xml version="1.0" encoding="UTF-8"?>
<!-- Generated by org.testng.reporters.JUnitReportReporter -->
<testsuite hostname="Abhishek" failures="0" tests="1" name="TestClasses.TC_testClass" time="9.578" errors="0" timestamp="9 Feb 2019 10:41:27 GMT">
  <testcase classname="TestClasses.TC_testClass" name="First_Test" time="9.578"/>
</testsuite> <!-- TestClasses.TC_testClass -->
